<?xml version="1.0" encoding="UTF-8"?>
<!-- Generated by org.testng.reporters.JUnitReportReporter -->
<testsuite name="ksrtc.bmtc.firstStandard" tests="2" time="0.004" ignored="0" failures="0" timestamp="14 Aug 2020 10:33:25 GMT" skipped="0" hostname="DESKTOP-6LL4OJF" errors="0">
  <testcase name="firstcomputers" time="0.002" classname="ksrtc.bmtc.firstStandard"/>
  <testcase name="firstsports" time="0.002" classname="ksrtc.bmtc.firstStandard"/>
</testsuite> <!-- ksrtc.bmtc.firstStandard -->
