<?xml version="1.0" encoding="UTF-8"?>
<!-- Generated by org.testng.reporters.JUnitReportReporter -->
<testsuite name="ksrtc.bmtc.lkg" tests="2" time="0.021" ignored="0" failures="0" timestamp="14 Aug 2020 10:33:25 GMT" skipped="0" hostname="DESKTOP-6LL4OJF" errors="0">
  <testcase name="lkgalphabets" time="0.019" classname="ksrtc.bmtc.lkg"/>
  <testcase name="lkgmaths" time="0.002" classname="ksrtc.bmtc.lkg"/>
</testsuite> <!-- ksrtc.bmtc.lkg -->
