<?xml version="1.0" encoding="UTF-8"?>
<!-- Generated by org.testng.reporters.JUnitReportReporter -->
<testsuite name="ksrtc.bmtc.thirdStandard" tests="3" time="0.003" ignored="0" failures="0" timestamp="14 Aug 2020 10:33:25 GMT" skipped="0" hostname="DESKTOP-6LL4OJF" errors="0">
  <testcase name="thirdhistory" time="0.001" classname="ksrtc.bmtc.thirdStandard"/>
  <testcase name="thirdmoral" time="0.001" classname="ksrtc.bmtc.thirdStandard"/>
  <testcase name="thirdpolitics" time="0.001" classname="ksrtc.bmtc.thirdStandard"/>
</testsuite> <!-- ksrtc.bmtc.thirdStandard -->
