<?xml version="1.0" encoding="UTF-8"?>
<!-- Generated by org.testng.reporters.JUnitReportReporter -->
<testsuite name="ksrtc.bmtc.ukg" tests="2" time="0.006" ignored="0" failures="0" timestamp="14 Aug 2020 10:33:25 GMT" skipped="0" hostname="DESKTOP-6LL4OJF" errors="0">
  <testcase name="ukgmaths" time="0.002" classname="ksrtc.bmtc.ukg"/>
  <testcase name="ukgscience" time="0.004" classname="ksrtc.bmtc.ukg"/>
</testsuite> <!-- ksrtc.bmtc.ukg -->
