<?xml version="1.0" encoding="UTF-8"?>
<!-- Generated by org.testng.reporters.JUnitReportReporter -->
<testsuite skipped="0" hostname="DESKTOP-6LL4OJF" name="ksrtc.bmtc.ukg" tests="2" failures="0" timestamp="14 Aug 2020 11:00:06 GMT" time="0.003" errors="0">
  <testcase name="ukgmaths" time="0.001" classname="ksrtc.bmtc.ukg"/>
  <testcase name="ukgscience" time="0.002" classname="ksrtc.bmtc.ukg"/>
</testsuite> <!-- ksrtc.bmtc.ukg -->
