<?xml version="1.0" encoding="UTF-8"?>
<!-- Generated by org.testng.reporters.JUnitReportReporter -->
<testsuite skipped="0" hostname="DESKTOP-6LL4OJF" name="ksrtc.bmtc.secondStandard" tests="2" failures="0" timestamp="14 Aug 2020 11:00:06 GMT" time="0.002" errors="0">
  <testcase name="secondlabs" time="0.001" classname="ksrtc.bmtc.secondStandard"/>
  <testcase name="secondtourism" time="0.001" classname="ksrtc.bmtc.secondStandard"/>
</testsuite> <!-- ksrtc.bmtc.secondStandard -->
