<?xml version="1.0" encoding="UTF-8"?>
<!-- Generated by org.testng.reporters.JUnitReportReporter -->
<testsuite skipped="0" hostname="DESKTOP-6LL4OJF" name="ksrtc.bmtc.lkg" tests="2" failures="0" timestamp="14 Aug 2020 11:00:06 GMT" time="0.010" errors="0">
  <testcase name="lkgalphabets" time="0.009" classname="ksrtc.bmtc.lkg"/>
  <testcase name="lkgmaths" time="0.001" classname="ksrtc.bmtc.lkg"/>
</testsuite> <!-- ksrtc.bmtc.lkg -->
