<?xml version="1.0" encoding="UTF-8"?>
<!-- Generated by org.testng.reporters.JUnitReportReporter -->
<testsuite skipped="0" hostname="DESKTOP-6LL4OJF" name="ksrtc.bmtc.firstStandard" tests="2" failures="0" timestamp="14 Aug 2020 11:00:06 GMT" time="0.000" errors="0">
  <testcase name="firstsports" time="0.000" classname="ksrtc.bmtc.firstStandard"/>
  <testcase name="firstcomputers" time="0.000" classname="ksrtc.bmtc.firstStandard"/>
</testsuite> <!-- ksrtc.bmtc.firstStandard -->
