<?xml version="1.0" encoding="UTF-8"?>
<!-- Generated by org.testng.reporters.JUnitReportReporter -->
<testsuite skipped="0" hostname="DESKTOP-6LL4OJF" name="ksrtc.bmtc.thirdStandard" tests="3" failures="0" timestamp="14 Aug 2020 11:00:06 GMT" time="0.001" errors="0">
  <testcase name="thirdmoral" time="0.000" classname="ksrtc.bmtc.thirdStandard"/>
  <testcase name="thirdhistory" time="0.001" classname="ksrtc.bmtc.thirdStandard"/>
  <testcase name="thirdpolitics" time="0.000" classname="ksrtc.bmtc.thirdStandard"/>
</testsuite> <!-- ksrtc.bmtc.thirdStandard -->
